[debug] [2022-11-30T17:39:46.815Z] ----------------------------------------------------------------------
[debug] [2022-11-30T17:39:46.818Z] Command:       C:\Program Files\nodejs\node.exe C:\Users\AYRA\AppData\Roaming\npm\node_modules\firebase-tools\lib\bin\firebase.js deploy
[debug] [2022-11-30T17:39:46.819Z] CLI Version:   11.15.0
[debug] [2022-11-30T17:39:46.819Z] Platform:      win32
[debug] [2022-11-30T17:39:46.819Z] Node Version:  v16.15.1
[debug] [2022-11-30T17:39:46.821Z] Time:          Wed Nov 30 2022 23:39:46 GMT+0600 (Bangladesh Standard Time)
[debug] [2022-11-30T17:39:46.821Z] ----------------------------------------------------------------------
[debug] 
[debug] [2022-11-30T17:39:46.923Z] > command requires scopes: ["email","openid","https://www.googleapis.com/auth/cloudplatformprojects.readonly","https://www.googleapis.com/auth/firebase","https://www.googleapis.com/auth/cloud-platform"]
[debug] [2022-11-30T17:39:46.924Z] > authorizing via signed-in user (iqbaleco70@gmail.com)
[debug] [2022-11-30T17:39:46.924Z] [iam] checking project used-lapi for permissions ["firebase.projects.get","firebasehosting.sites.update"]
[debug] [2022-11-30T17:39:46.928Z] >>> [apiv2][query] POST https://cloudresourcemanager.googleapis.com/v1/projects/used-lapi:testIamPermissions [none]
[debug] [2022-11-30T17:39:46.928Z] >>> [apiv2][(partial)header] POST https://cloudresourcemanager.googleapis.com/v1/projects/used-lapi:testIamPermissions x-goog-quota-user=projects/used-lapi
[debug] [2022-11-30T17:39:46.928Z] >>> [apiv2][body] POST https://cloudresourcemanager.googleapis.com/v1/projects/used-lapi:testIamPermissions {"permissions":["firebase.projects.get","firebasehosting.sites.update"]}
[debug] [2022-11-30T17:39:58.149Z] [iam] error while checking permissions, command may fail: FirebaseError: Failed to make request to https://cloudresourcemanager.googleapis.com/v1/projects/used-lapi:testIamPermissions
[debug] [2022-11-30T17:39:58.151Z] >>> [apiv2][query] GET https://firebase.googleapis.com/v1beta1/projects/used-lapi [none]
[debug] [2022-11-30T17:40:09.341Z] Failed to make request to https://firebase.googleapis.com/v1beta1/projects/used-lapi
[debug] [2022-11-30T17:40:14.354Z] Error: Timed out.
    at Timeout._onTimeout (C:\Users\AYRA\AppData\Roaming\npm\node_modules\firebase-tools\lib\utils.js:253:49)
    at listOnTimeout (node:internal/timers:559:17)
    at processTimers (node:internal/timers:502:7)
[error] 
[error] Error: An unexpected error has occurred.
[debug] [2022-11-30T17:40:49.335Z] ----------------------------------------------------------------------
[debug] [2022-11-30T17:40:49.338Z] Command:       C:\Program Files\nodejs\node.exe C:\Users\AYRA\AppData\Roaming\npm\node_modules\firebase-tools\lib\bin\firebase.js deploy
[debug] [2022-11-30T17:40:49.339Z] CLI Version:   11.15.0
[debug] [2022-11-30T17:40:49.339Z] Platform:      win32
[debug] [2022-11-30T17:40:49.339Z] Node Version:  v16.15.1
[debug] [2022-11-30T17:40:49.341Z] Time:          Wed Nov 30 2022 23:40:49 GMT+0600 (Bangladesh Standard Time)
[debug] [2022-11-30T17:40:49.341Z] ----------------------------------------------------------------------
[debug] 
[debug] [2022-11-30T17:40:49.449Z] > command requires scopes: ["email","openid","https://www.googleapis.com/auth/cloudplatformprojects.readonly","https://www.googleapis.com/auth/firebase","https://www.googleapis.com/auth/cloud-platform"]
[debug] [2022-11-30T17:40:49.450Z] > authorizing via signed-in user (iqbaleco70@gmail.com)
[debug] [2022-11-30T17:40:49.450Z] [iam] checking project used-lapi for permissions ["firebase.projects.get","firebasehosting.sites.update"]
[debug] [2022-11-30T17:40:49.454Z] >>> [apiv2][query] POST https://cloudresourcemanager.googleapis.com/v1/projects/used-lapi:testIamPermissions [none]
[debug] [2022-11-30T17:40:49.455Z] >>> [apiv2][(partial)header] POST https://cloudresourcemanager.googleapis.com/v1/projects/used-lapi:testIamPermissions x-goog-quota-user=projects/used-lapi
[debug] [2022-11-30T17:40:49.455Z] >>> [apiv2][body] POST https://cloudresourcemanager.googleapis.com/v1/projects/used-lapi:testIamPermissions {"permissions":["firebase.projects.get","firebasehosting.sites.update"]}
[debug] [2022-11-30T17:40:49.489Z] [iam] error while checking permissions, command may fail: FirebaseError: Failed to make request to https://cloudresourcemanager.googleapis.com/v1/projects/used-lapi:testIamPermissions
[debug] [2022-11-30T17:40:49.492Z] >>> [apiv2][query] GET https://firebase.googleapis.com/v1beta1/projects/used-lapi [none]
[debug] [2022-11-30T17:40:49.526Z] Failed to make request to https://firebase.googleapis.com/v1beta1/projects/used-lapi
[debug] [2022-11-30T17:40:49.540Z] FirebaseError: Failed to make request to https://firebase.googleapis.com/v1beta1/projects/used-lapi
    at RetryOperation._fn (C:\Users\AYRA\AppData\Roaming\npm\node_modules\firebase-tools\lib\apiv2.js:242:31)
    at processTicksAndRejections (node:internal/process/task_queues:96:5)
[error] 
[error] Error: Failed to get Firebase project used-lapi. Please make sure the project exists and your account has permission to access it.
[debug] [2022-11-30T17:42:09.520Z] ----------------------------------------------------------------------
[debug] [2022-11-30T17:42:09.522Z] Command:       C:\Program Files\nodejs\node.exe C:\Users\AYRA\AppData\Roaming\npm\node_modules\firebase-tools\lib\bin\firebase.js deploy
[debug] [2022-11-30T17:42:09.523Z] CLI Version:   11.15.0
[debug] [2022-11-30T17:42:09.523Z] Platform:      win32
[debug] [2022-11-30T17:42:09.523Z] Node Version:  v16.15.1
[debug] [2022-11-30T17:42:09.525Z] Time:          Wed Nov 30 2022 23:42:09 GMT+0600 (Bangladesh Standard Time)
[debug] [2022-11-30T17:42:09.525Z] ----------------------------------------------------------------------
[debug] 
[debug] [2022-11-30T17:42:09.627Z] > command requires scopes: ["email","openid","https://www.googleapis.com/auth/cloudplatformprojects.readonly","https://www.googleapis.com/auth/firebase","https://www.googleapis.com/auth/cloud-platform"]
[debug] [2022-11-30T17:42:09.628Z] > authorizing via signed-in user (iqbaleco70@gmail.com)
[debug] [2022-11-30T17:42:09.628Z] [iam] checking project used-lapi for permissions ["firebase.projects.get","firebasehosting.sites.update"]
[debug] [2022-11-30T17:42:09.631Z] >>> [apiv2][query] POST https://cloudresourcemanager.googleapis.com/v1/projects/used-lapi:testIamPermissions [none]
[debug] [2022-11-30T17:42:09.632Z] >>> [apiv2][(partial)header] POST https://cloudresourcemanager.googleapis.com/v1/projects/used-lapi:testIamPermissions x-goog-quota-user=projects/used-lapi
[debug] [2022-11-30T17:42:09.632Z] >>> [apiv2][body] POST https://cloudresourcemanager.googleapis.com/v1/projects/used-lapi:testIamPermissions {"permissions":["firebase.projects.get","firebasehosting.sites.update"]}
